<?xml version="1.0" encoding="UTF-8"?>
<testsuite name="com.bridgeLabz.CensusAnalyserTest" tests="1" skipped="0" failures="0" errors="0" timestamp="2021-05-14T15:20:28" hostname="RAKESH" time="0.034">
  <properties/>
  <testcase name="givenIndiaCensusData_WithWrongFile_ShouldThrowException()" classname="com.bridgeLabz.CensusAnalyserTest" time="0.034"/>
  <system-out><![CDATA[]]></system-out>
  <system-err><![CDATA[]]></system-err>
</testsuite>
