<?xml version="1.0" encoding="UTF-8"?>
<testsuite name="com.bridgeLabz.CensusAnalyserTest" tests="2" skipped="0" failures="0" errors="0" timestamp="2021-05-14T15:58:19" hostname="RAKESH" time="0.28">
  <properties/>
  <testcase name="givenIndianCensusCSVFileReturnsCorrectRecords()" classname="com.bridgeLabz.CensusAnalyserTest" time="0.268"/>
  <testcase name="givenIndiaCensusData_WithWrongFile_ShouldThrowException()" classname="com.bridgeLabz.CensusAnalyserTest" time="0.009"/>
  <system-out><![CDATA[]]></system-out>
  <system-err><![CDATA[]]></system-err>
</testsuite>
